<?xml version="1.0" encoding="UTF-8"?>
<!-- Generated by org.testng.reporters.JUnitXMLReporter -->
<testsuite hostname="DESKTOP-USVMLAU" ignored="0" name="Test" tests="4" failures="0" timestamp="2019-07-04T11:28:50 IST" time="0.069" errors="0">
  <testcase name="gmail" time="0.011" classname="SampleMavenProject.AppiumTest"/>
  <testcase name="hike" time="0.0" classname="SampleMavenProject.AppiumTest"/>
  <testcase name="facebook" time="0.001" classname="SampleMavenProject.SeleniumTest"/>
  <testcase name="twitter" time="0.001" classname="SampleMavenProject.SeleniumTest"/>
</testsuite> <!-- Test -->
